        -:    0:Source:/Users/Sal/Documents/GIT/Verona/Pods/Headers/Private/FBSnapshotTestCase/FBSnapshotTestController.h
        -:    0:Graph:/Users/Sal/Library/Developer/Xcode/DerivedData/Verona-fgfbmnilklhvdihbxoslbfynjgbp/Build/Intermediates/Pods.build/Debug-iphonesimulator/FBSnapshotTestCase.build/Objects-normal/x86_64/FBSnapshotTestController.gcno
        -:    0:Data:/Users/Sal/Library/Developer/Xcode/DerivedData/Verona-fgfbmnilklhvdihbxoslbfynjgbp/Build/Intermediates/Pods.build/Debug-iphonesimulator/FBSnapshotTestCase.build/Objects-normal/x86_64/FBSnapshotTestController.gcda
        -:    0:Runs:36
        -:    0:Programs:1
        -:    1:/*
        -:    2: *  Copyright (c) 2015, Facebook, Inc.
        -:    3: *  All rights reserved.
        -:    4: *
        -:    5: *  This source code is licensed under the BSD-style license found in the
        -:    6: *  LICENSE file in the root directory of this source tree. An additional grant
        -:    7: *  of patent rights can be found in the PATENTS file in the same directory.
        -:    8: *
        -:    9: */
        -:   10:
        -:   11:#import <Foundation/Foundation.h>
        -:   12:#import <UIKit/UIKit.h>
        -:   13:
        -:   14:typedef NS_ENUM(NSInteger, FBSnapshotTestControllerErrorCode) {
        -:   15:  FBSnapshotTestControllerErrorCodeUnknown,
        -:   16:  FBSnapshotTestControllerErrorCodeNeedsRecord,
        -:   17:  FBSnapshotTestControllerErrorCodePNGCreationFailed,
        -:   18:  FBSnapshotTestControllerErrorCodeImagesDifferentSizes,
        -:   19:  FBSnapshotTestControllerErrorCodeImagesDifferent,
        -:   20:};
        -:   21:/**
        -:   22: Errors returned by the methods of FBSnapshotTestController use this domain.
        -:   23: */
        -:   24:extern NSString *const FBSnapshotTestControllerErrorDomain;
        -:   25:
        -:   26:/**
        -:   27: Errors returned by the methods of FBSnapshotTestController sometimes contain this key in the `userInfo` dictionary.
        -:   28: */
        -:   29:extern NSString *const FBReferenceImageFilePathKey;
        -:   30:
        -:   31:/**
        -:   32: Provides the heavy-lifting for FBSnapshotTestCase. It loads and saves images, along with performing the actual pixel-
        -:   33: by-pixel comparison of images.
        -:   34: Instances are initialized with the test class, and directories to read and write to.
        -:   35: */
        -:   36:@interface FBSnapshotTestController : NSObject
        -:   37:
        -:   38:/**
        -:   39: Record snapshots.
        -:   40: */
1855425871872:   41:@property (readwrite, nonatomic, assign) BOOL recordMode;
        -:   42:
        -:   43:/**
        -:   44: Uses drawViewHierarchyInRect:afterScreenUpdates: to draw the image instead of renderInContext:
        -:   45: */
    #####:   46:@property (readwrite, nonatomic, assign) BOOL usesDrawViewHierarchyInRect;
        -:   47:
        -:   48:/**
        -:   49: The directory in which referfence images are stored.
        -:   50: */
618475290624:   51:@property (readwrite, nonatomic, copy) NSString *referenceImagesDirectory;
        -:   52:
        -:   53:/**
        -:   54: @param testClass The subclass of FBSnapshotTestCase that is using this controller.
        -:   55: @returns An instance of FBSnapshotTestController.
        -:   56: */
        -:   57:- (instancetype)initWithTestClass:(Class)testClass;
        -:   58:
        -:   59:/**
        -:   60: Designated initializer.
        -:   61: @param testName The name of the tests.
        -:   62: @returns An instance of FBSnapshotTestController.
        -:   63: */
        -:   64:- (instancetype)initWithTestName:(NSString *)testName;
        -:   65:
        -:   66:/**
        -:   67: Performs the comparison of the layer.
        -:   68: @param layer The Layer to snapshot.
        -:   69: @param selector The test method being run.
        -:   70: @param identifier An optional identifier, used is there are muliptle snapshot tests in a given -test method.
        -:   71: @param error An error to log in an XCTAssert() macro if the method fails (missing reference image, images differ, etc).
        -:   72: @returns YES if the comparison (or saving of the reference image) succeeded.
        -:   73: */
        -:   74:- (BOOL)compareSnapshotOfLayer:(CALayer *)layer
        -:   75:                      selector:(SEL)selector
        -:   76:                    identifier:(NSString *)identifier
        -:   77:                         error:(NSError **)errorPtr;
        -:   78:
        -:   79:/**
        -:   80: Performs the comparison of the view.
        -:   81: @param view The view to snapshot.
        -:   82: @param selector The test method being run.
        -:   83: @param identifier An optional identifier, used is there are muliptle snapshot tests in a given -test method.
        -:   84: @param error An error to log in an XCTAssert() macro if the method fails (missing reference image, images differ, etc).
        -:   85: @returns YES if the comparison (or saving of the reference image) succeeded.
        -:   86: */
        -:   87:- (BOOL)compareSnapshotOfView:(UIView *)view
        -:   88:                     selector:(SEL)selector
        -:   89:                   identifier:(NSString *)identifier
        -:   90:                        error:(NSError **)errorPtr;
        -:   91:
        -:   92:/**
        -:   93: Performs the comparison of a view or layer.
        -:   94: @param view The view or layer to snapshot.
        -:   95: @param selector The test method being run.
        -:   96: @param identifier An optional identifier, used is there are muliptle snapshot tests in a given -test method.
        -:   97: @param tolerance The percentage of pixels that can differ and still be considered 'identical'
        -:   98: @param error An error to log in an XCTAssert() macro if the method fails (missing reference image, images differ, etc).
        -:   99: @returns YES if the comparison (or saving of the reference image) succeeded.
        -:  100: */
        -:  101:- (BOOL)compareSnapshotOfViewOrLayer:(id)viewOrLayer
        -:  102:                            selector:(SEL)selector
        -:  103:                          identifier:(NSString *)identifier
        -:  104:                           tolerance:(CGFloat)tolerance
        -:  105:                               error:(NSError **)errorPtr;
        -:  106:
        -:  107:/**
        -:  108: Loads a reference image.
        -:  109: @param selector The test method being run.
        -:  110: @param identifier The optional identifier, used when multiple images are tested in a single -test method.
        -:  111: @param errorPtr An error, if this methods returns nil, the error will be something useful.
        -:  112: @returns An image.
        -:  113: */
        -:  114:- (UIImage *)referenceImageForSelector:(SEL)selector
        -:  115:                            identifier:(NSString *)identifier
        -:  116:                                 error:(NSError **)errorPtr;
        -:  117:
        -:  118:/**
        -:  119: Performs a pixel-by-pixel comparison of the two images with an allowable margin of error.
        -:  120: @param referenceImage The reference (correct) image.
        -:  121: @param image The image to test against the reference.
        -:  122: @param tolerance The percentage of pixels that can differ and still be considered 'identical'
        -:  123: @param errorPtr An error that indicates why the comparison failed if it does.
        -:  124: @returns YES if the comparison succeeded and the images are the same(ish).
        -:  125: */
        -:  126:- (BOOL)compareReferenceImage:(UIImage *)referenceImage
        -:  127:                      toImage:(UIImage *)image
        -:  128:                    tolerance:(CGFloat)tolerance
        -:  129:                        error:(NSError **)errorPtr;
        -:  130:
        -:  131:/**
        -:  132: Saves the reference image and the test image to `failedOutputDirectory`.
        -:  133: @param referenceImage The reference (correct) image.
        -:  134: @param testImage The image to test against the reference.
        -:  135: @param selector The test method being run.
        -:  136: @param identifier The optional identifier, used when multiple images are tested in a single -test method.
        -:  137: @param errorPtr An error that indicates why the comparison failed if it does.
        -:  138: @returns YES if the save succeeded.
        -:  139: */
        -:  140:- (BOOL)saveFailedReferenceImage:(UIImage *)referenceImage
        -:  141:                       testImage:(UIImage *)testImage
        -:  142:                        selector:(SEL)selector
        -:  143:                      identifier:(NSString *)identifier
        -:  144:                           error:(NSError **)errorPtr;
        -:  145:@end
