        -:    0:Source:/Users/Sal/Documents/GIT/Verona/Pods/FBSnapshotTestCase/FBSnapshotTestCase/FBSnapshotTestCasePlatform.m
        -:    0:Graph:/Users/Sal/Library/Developer/Xcode/DerivedData/Verona-fgfbmnilklhvdihbxoslbfynjgbp/Build/Intermediates/Pods.build/Debug-iphonesimulator/FBSnapshotTestCase.build/Objects-normal/x86_64/FBSnapshotTestCasePlatform.gcno
        -:    0:Data:/Users/Sal/Library/Developer/Xcode/DerivedData/Verona-fgfbmnilklhvdihbxoslbfynjgbp/Build/Intermediates/Pods.build/Debug-iphonesimulator/FBSnapshotTestCase.build/Objects-normal/x86_64/FBSnapshotTestCasePlatform.gcda
        -:    0:Runs:9
        -:    0:Programs:1
        -:    1:/*
        -:    2: *  Copyright (c) 2015, Facebook, Inc.
        -:    3: *  All rights reserved.
        -:    4: *
        -:    5: *  This source code is licensed under the BSD-style license found in the
        -:    6: *  LICENSE file in the root directory of this source tree. An additional grant
        -:    7: *  of patent rights can be found in the PATENTS file in the same directory.
        -:    8: *
        -:    9: */
        -:   10:
        -:   11:#import <FBSnapshotTestCase/FBSnapshotTestCasePlatform.h>
        -:   12:
        -:   13:BOOL FBSnapshotTestCaseIs64Bit(void)
        -:   14:{
        -:   15:#if __LP64__
     4608:   16:  return YES;
        -:   17:#else
        -:   18:  return NO;
        -:   19:#endif
        -:   20:}
        -:   21:
        -:   22:NSOrderedSet *FBSnapshotTestCaseDefaultSuffixes(void)
        -:   23:{
     4608:   24:  NSMutableOrderedSet *suffixesSet = [[NSMutableOrderedSet alloc] init];
     4608:   25:  [suffixesSet addObject:@"_32"];
     4608:   26:  [suffixesSet addObject:@"_64"];
     4608:   27:  if (FBSnapshotTestCaseIs64Bit()) {
     4608:   28:    return [suffixesSet reversedOrderedSet];
        -:   29:  } 
    #####:   30:  return [suffixesSet copy];
     4608:   31:}
